
> nextjs@0.1.0 dev
> next dev -H 0.0.0.0 -p 3000

   ▲ Next.js 15.2.3
   - Local:        http://localhost:3000
   - Network:      http://0.0.0.0:3000

 ✓ Starting...
Attention: Next.js now collects completely anonymous telemetry regarding usage.
This information is used to shape Next.js' roadmap and prioritize features.
You can learn more, including how to opt-out if you'd not like to participate in this anonymous program, by visiting the following URL:
https://nextjs.org/telemetry

 ✓ Ready in 2.1s
 ○ Compiling / ...
 ✓ Compiled / in 14.3s (744 modules)
 GET / 200 in 4894ms
 ⚠ Blocked cross-origin request from vscode-internal-453603-beta.beta01.cloud.kavia.ai. To allow this, configure "allowedDevOrigins" in next.config
Read more: https://nextjs.org/docs/app/api-reference/config/next-config-js/allowedDevOrigins
 ✓ Compiled in 1009ms (331 modules)
 GET / 200 in 400ms
 ✓ Compiled in 390ms (331 modules)
 ✓ Compiled in 322ms (331 modules)
 ✓ Compiled in 319ms (331 modules)
 ✓ Compiled in 386ms (331 modules)
 ✓ Compiled in 296ms (331 modules)
 ✓ Compiled in 316ms (331 modules)
 ✓ Compiled in 322ms (331 modules)
 ✓ Compiled in 278ms (331 modules)
 ✓ Compiled in 304ms (331 modules)
 ✓ Compiled in 225ms (331 modules)
 ✓ Compiled in 277ms (331 modules)
 ✓ Compiled in 223ms (331 modules)
 ✓ Compiled in 265ms (331 modules)
 ✓ Compiled in 135ms (331 modules)
 ✓ Compiled in 201ms (331 modules)
 ✓ Compiled in 144ms (331 modules)
 ✓ Compiled in 191ms (331 modules)
 ✓ Compiled in 193ms (331 modules)
 ✓ Compiled in 195ms (331 modules)
 ✓ Compiled in 190ms (331 modules)
 ✓ Compiled in 210ms (331 modules)
 ✓ Compiled in 113ms (331 modules)
 ✓ Compiled in 188ms (331 modules)
 ✓ Compiled in 258ms (331 modules)
 ✓ Compiled in 145ms (331 modules)
 ✓ Compiled in 258ms (331 modules)
 ✓ Compiled in 139ms (331 modules)
 ✓ Compiled in 170ms (331 modules)
 ✓ Compiled in 179ms (331 modules)
 ✓ Compiled in 205ms (331 modules)
 ✓ Compiled in 133ms (331 modules)
 ✓ Compiled in 253ms (331 modules)
 ✓ Compiled in 146ms (331 modules)
 ✓ Compiled in 167ms (331 modules)
 ✓ Compiled in 131ms (331 modules)
 ✓ Compiled in 174ms (331 modules)
 ✓ Compiled in 119ms (331 modules)
 ✓ Compiled in 180ms (331 modules)
 ✓ Compiled in 195ms (331 modules)
 ✓ Compiled in 188ms (331 modules)
 ✓ Compiled in 126ms (331 modules)
 ✓ Compiled in 176ms (331 modules)
 ✓ Compiled in 126ms (331 modules)
 ✓ Compiled in 171ms (331 modules)
 ✓ Compiled in 184ms (331 modules)
 ✓ Compiled in 202ms (331 modules)
 ✓ Compiled in 130ms (331 modules)
 ✓ Compiled in 198ms (331 modules)
 ✓ Compiled in 212ms (331 modules)
 ✓ Compiled in 133ms (331 modules)
 ✓ Compiled in 201ms (331 modules)
 ✓ Compiled in 128ms (331 modules)
 ✓ Compiled in 176ms (331 modules)
 ✓ Compiled in 189ms (331 modules)
 ✓ Compiled in 120ms (331 modules)
 ✓ Compiled in 121ms (331 modules)
 ✓ Compiled in 157ms (331 modules)
 ✓ Compiled in 134ms (331 modules)
 ✓ Compiled in 169ms (331 modules)
 ✓ Compiled in 121ms (331 modules)
 ✓ Compiled in 166ms (331 modules)
 ✓ Compiled in 130ms (331 modules)
 ✓ Compiled in 167ms (331 modules)
 ✓ Compiled in 140ms (331 modules)
 ✓ Compiled in 170ms (331 modules)
 ✓ Compiled in 205ms (331 modules)
 ✓ Compiled in 121ms (331 modules)
 ✓ Compiled in 167ms (331 modules)
 ✓ Compiled in 512ms (331 modules)
 ✓ Compiled in 170ms (331 modules)
 ✓ Compiled in 137ms (331 modules)
 ✓ Compiled in 177ms (331 modules)
 ✓ Compiled in 128ms (331 modules)
 ✓ Compiled in 166ms (331 modules)
 ✓ Compiled in 126ms (331 modules)
 ✓ Compiled in 162ms (331 modules)
 ✓ Compiled in 136ms (331 modules)
 ✓ Compiled in 188ms (331 modules)
 ✓ Compiled in 183ms (331 modules)
 ✓ Compiled in 119ms (331 modules)
 ✓ Compiled in 184ms (331 modules)
 ✓ Compiled in 117ms (331 modules)
 ✓ Compiled in 170ms (331 modules)
 ✓ Compiled in 186ms (331 modules)
 ✓ Compiled in 137ms (331 modules)
 ✓ Compiled in 173ms (331 modules)
 ✓ Compiled in 130ms (331 modules)
 ✓ Compiled in 159ms (331 modules)
 ✓ Compiled in 116ms (331 modules)
 ✓ Compiled in 123ms (331 modules)
 ✓ Compiled in 221ms (331 modules)
 ✓ Compiled in 129ms (331 modules)
 ✓ Compiled in 162ms (331 modules)
 ✓ Compiled in 126ms (331 modules)
 ✓ Compiled in 158ms (331 modules)
 ✓ Compiled in 131ms (331 modules)
 ✓ Compiled in 184ms (331 modules)
 ✓ Compiled in 132ms (331 modules)
 ✓ Compiled in 174ms (331 modules)
 ✓ Compiled in 168ms (331 modules)
 ✓ Compiled in 128ms (331 modules)
 ✓ Compiled in 112ms (331 modules)
 ✓ Compiled in 176ms (331 modules)
 ✓ Compiled in 126ms (331 modules)
 ✓ Compiled in 159ms (331 modules)
 ✓ Compiled in 121ms (331 modules)
 ✓ Compiled in 115ms (331 modules)
 ✓ Compiled in 129ms (331 modules)
 ✓ Compiled in 112ms (331 modules)
 ✓ Compiled in 103ms (331 modules)
 ✓ Compiled in 171ms (331 modules)
 ✓ Compiled in 124ms (331 modules)
 ✓ Compiled in 125ms (331 modules)
 ✓ Compiled in 118ms (331 modules)
 ✓ Compiled in 184ms (331 modules)
 ✓ Compiled in 115ms (331 modules)
 ✓ Compiled in 181ms (331 modules)
 ✓ Compiled in 127ms (331 modules)
 ✓ Compiled in 156ms (331 modules)
 ✓ Compiled in 131ms (331 modules)
 ✓ Compiled in 168ms (331 modules)
 ✓ Compiled in 124ms (331 modules)
 ✓ Compiled in 172ms (331 modules)
 ✓ Compiled in 130ms (331 modules)
 ✓ Compiled in 178ms (331 modules)
 ✓ Compiled in 117ms (331 modules)
 ✓ Compiled in 178ms (331 modules)
 ✓ Compiled in 172ms (331 modules)
 ✓ Compiled in 131ms (331 modules)
 ✓ Compiled in 111ms (331 modules)
 ✓ Compiled in 174ms (331 modules)
 ✓ Compiled in 121ms (331 modules)
 ✓ Compiled in 160ms (331 modules)
 ✓ Compiled in 129ms (331 modules)
 ✓ Compiled in 170ms (331 modules)
 ✓ Compiled in 132ms (331 modules)
 ✓ Compiled in 166ms (331 modules)
 ✓ Compiled in 128ms (331 modules)
 ✓ Compiled in 170ms (331 modules)
 ✓ Compiled in 126ms (331 modules)
 ✓ Compiled in 175ms (331 modules)
 ✓ Compiled in 128ms (331 modules)
 ✓ Compiled in 168ms (331 modules)
 ✓ Compiled in 182ms (331 modules)
 ✓ Compiled in 129ms (331 modules)
 ✓ Compiled in 114ms (331 modules)
 ✓ Compiled in 159ms (331 modules)
 ✓ Compiled in 124ms (331 modules)
 ✓ Compiled in 115ms (331 modules)
 ✓ Compiled in 167ms (331 modules)
 ✓ Compiled in 187ms (331 modules)
 ✓ Compiled in 126ms (331 modules)
 ✓ Compiled in 174ms (331 modules)
 ✓ Compiled in 138ms (331 modules)
 ✓ Compiled in 158ms (331 modules)
 ✓ Compiled in 131ms (331 modules)
 ✓ Compiled in 177ms (331 modules)
 ✓ Compiled in 125ms (331 modules)
 ✓ Compiled in 159ms (331 modules)
 ✓ Compiled in 123ms (331 modules)
 ✓ Compiled in 165ms (331 modules)
 ✓ Compiled in 144ms (331 modules)
 ✓ Compiled in 129ms (331 modules)
 ✓ Compiled in 113ms (331 modules)
 ✓ Compiled in 171ms (331 modules)
 ✓ Compiled in 128ms (331 modules)
 ✓ Compiled in 117ms (331 modules)
 ✓ Compiled in 129ms (331 modules)
 ✓ Compiled in 178ms (331 modules)
 ✓ Compiled in 188ms (331 modules)
 ✓ Compiled in 189ms (331 modules)
 ✓ Compiled in 130ms (331 modules)
 ✓ Compiled in 107ms (331 modules)
 ✓ Compiled in 178ms (331 modules)
 ✓ Compiled in 122ms (331 modules)
 ✓ Compiled in 160ms (331 modules)
 ✓ Compiled in 124ms (331 modules)
 ✓ Compiled in 117ms (331 modules)
 ✓ Compiled in 161ms (331 modules)
 ✓ Compiled in 123ms (331 modules)
 ✓ Compiled in 186ms (331 modules)
 ✓ Compiled in 113ms (331 modules)
 ✓ Compiled in 202ms (331 modules)
 ✓ Compiled in 169ms (331 modules)
 ✓ Compiled in 121ms (331 modules)
 ✓ Compiled in 178ms (331 modules)
 ✓ Compiled in 125ms (331 modules)
 ✓ Compiled in 163ms (331 modules)
 ✓ Compiled in 133ms (331 modules)
 ✓ Compiled in 166ms (331 modules)
 ✓ Compiled in 128ms (331 modules)
 ✓ Compiled in 162ms (331 modules)
 ✓ Compiled in 124ms (331 modules)
 ✓ Compiled in 111ms (331 modules)
 ✓ Compiled in 163ms (331 modules)
 ✓ Compiled in 132ms (331 modules)
 ✓ Compiled in 169ms (331 modules)
 ✓ Compiled in 194ms (331 modules)
 ✓ Compiled in 133ms (331 modules)
 ✓ Compiled in 584ms (331 modules)
 ✓ Compiled in 185ms (331 modules)
 ✓ Compiled in 122ms (331 modules)
 ✓ Compiled in 136ms (331 modules)
 ✓ Compiled in 162ms (331 modules)
 ✓ Compiled in 136ms (331 modules)
 ✓ Compiled in 177ms (331 modules)
 ✓ Compiled in 119ms (331 modules)
 ✓ Compiled in 194ms (331 modules)
 ✓ Compiled in 165ms (331 modules)
 ✓ Compiled in 122ms (331 modules)
 ✓ Compiled in 118ms (331 modules)
 ✓ Compiled in 170ms (331 modules)
 ✓ Compiled in 126ms (331 modules)
 ✓ Compiled in 255ms (331 modules)
 ✓ Compiled in 124ms (331 modules)
 ✓ Compiled in 116ms (331 modules)
 ✓ Compiled in 175ms (331 modules)
 ✓ Compiled in 123ms (331 modules)
 ✓ Compiled in 156ms (331 modules)
 ✓ Compiled in 136ms (331 modules)
 ✓ Compiled in 108ms (331 modules)
 ✓ Compiled in 124ms (331 modules)
 ✓ Compiled in 176ms (331 modules)
 ✓ Compiled in 128ms (331 modules)
 ✓ Compiled in 110ms (331 modules)
 ✓ Compiled in 195ms (331 modules)
 ✓ Compiled in 105ms (331 modules)
 ✓ Compiled in 168ms (331 modules)
 ✓ Compiled in 133ms (331 modules)
 ✓ Compiled in 156ms (331 modules)
 ✓ Compiled in 125ms (331 modules)
 ✓ Compiled in 107ms (331 modules)
 ✓ Compiled in 170ms (331 modules)
 ✓ Compiled in 1202ms (690 modules)
 ✓ Compiled in 215ms (320 modules)
 ✓ Compiled in 272ms (320 modules)
 ✓ Compiled in 303ms (320 modules)
 ✓ Compiled in 308ms (320 modules)
 ✓ Compiled in 283ms (320 modules)
 ✓ Compiled in 309ms (320 modules)
 ✓ Compiled in 380ms (320 modules)
 ✓ Compiled in 401ms (320 modules)
 ✓ Compiled in 311ms (320 modules)
 ✓ Compiled in 287ms (320 modules)
 ✓ Compiled in 209ms (320 modules)
